<?xml version="1.0" encoding="UTF-8"?>
<!-- Generated by org.testng.reporters.JUnitReportReporter -->
<testsuite hostname="GEIGIHWL200920" failures="0" tests="1" name="com.tests.edvanza.SpashScreenTest" time="13.174" errors="0" timestamp="2022-11-11T15:50:12 IST" skipped="0">
  <testcase classname="com.tests.edvanza.SpashScreenTest" name="testspalshScreenFlow" time="13.174"/>
  <system-out/>
</testsuite> <!-- com.tests.edvanza.SpashScreenTest -->
