<?xml version="1.0" encoding="UTF-8"?>
<!-- Generated by org.testng.reporters.JUnitReportReporter -->
<testsuite hostname="GEIGIHWL200920" failures="0" tests="1" name="com.tests.edvanza.SignUpScreenTest" time="16.063" errors="0" timestamp="2023-05-10T13:53:00 IST" skipped="0">
  <testcase classname="com.tests.edvanza.SignUpScreenTest" name="testsignUpScreen" time="16.063"/>
  <system-out/>
</testsuite> <!-- com.tests.edvanza.SignUpScreenTest -->
