<?xml version="1.0" encoding="UTF-8"?>
<!-- Generated by org.testng.reporters.JUnitReportReporter -->
<testsuite skipped="0" hostname="Shaliens-MacBook-Air.local" name="com.tests.edvanza.SignUPEmailFlowTest" tests="4" failures="0" timestamp="2023-05-29T13:33:06 IST" time="5.156" errors="0">
  <testcase name="testbuildverification" time="0.090" classname="com.tests.edvanza.SignUPEmailFlowTest"/>
  <system-out>
Build Failed  </system-out>
  <testcase name="testPreSignUpFlow" time="3.034" classname="com.tests.edvanza.SignUPEmailFlowTest"/>
  <system-out/>
  <testcase name="testSignUpEmailScreens" time="2.021" classname="com.tests.edvanza.SignUPEmailFlowTest"/>
  <system-out/>
  <testcase name="testOnboardingFlow" time="0.011" classname="com.tests.edvanza.SignUPEmailFlowTest"/>
  <system-out/>
</testsuite> <!-- com.tests.edvanza.SignUPEmailFlowTest -->
