<?xml version="1.0" encoding="UTF-8"?>
<!-- Generated by org.testng.reporters.JUnitReportReporter -->
<testsuite hostname="GEIGIHWL200920" failures="0" tests="1" name="com.tests.edvanza.SignupEnd2EndTest" time="10.966" errors="0" timestamp="2023-05-15T16:56:45 IST" skipped="0">
  <testcase classname="com.tests.edvanza.SignupEnd2EndTest" name="testSignupEnd2End" time="10.966"/>
  <system-out/>
</testsuite> <!-- com.tests.edvanza.SignupEnd2EndTest -->
