<?xml version="1.0" encoding="UTF-8"?>
<!-- Generated by org.testng.reporters.JUnitReportReporter -->
<testsuite hostname="GEIGIHWL200920" failures="0" tests="1" name="com.tests.edvanza.OnboardingPageTest" time="62.683" errors="0" timestamp="2023-05-12T14:51:25 IST" skipped="0">
  <testcase classname="com.tests.edvanza.OnboardingPageTest" name="testregisterScreenFlow" time="62.683"/>
  <system-out/>
</testsuite> <!-- com.tests.edvanza.OnboardingPageTest -->
